<?xml version="1.0" encoding="UTF-8"?>
<!-- Generated by org.testng.reporters.JUnitReportReporter -->
<testsuite hostname="LakshmiNarayan" failures="0" tests="1" name="contactModule.CreateContact" time="19.721" errors="0" timestamp="2023-12-01T18:21:12 IST" skipped="0">
  <testcase classname="contactModule.CreateContact" name="contact" time="19.721"/>
  <system-out>
    <![CDATA[- - Connect To DB - -
- - Launch The Browser - -
- - Log In to Application - -
- - Log Out Application - -
- - Close the Browser - -
- - Dis-Connect DB - -]]>
  </system-out>
</testsuite> <!-- contactModule.CreateContact -->
